wkrtc/build/outputs/mapping/release/configuration.txt
# The proguard configuration file for the following section is release/generateReleaseLibraryProguardRules/aapt_rules.txt
# Generated by the gradle plugin
-keep class androidx.appcompat.widget.AppCompatImageView { <init>(...); }
-keep class androidx.core.widget.NestedScrollView { <init>(...); }
-keep class androidx.recyclerview.widget.RecyclerView { <init>(...); }
-keep class com.chat.base.ui.components.AvatarView { <init>(...); }
-keep class com.chat.base.ui.components.CheckBox { <init>(...); }
-keep class com.chat.base.ui.components.RoundLayout { <init>(...); }
-keep class com.chat.base.views.BubbleLayout { <init>(...); }
-keep class com.chat.rtc.multi.ChooseRTCMemberActivity { <init>(...); }
-keep class com.scwang.smart.refresh.footer.ClassicsFooter { <init>(...); }
-keep class com.scwang.smart.refresh.layout.SmartRefreshLayout { <init>(...); }
-keep class org.webrtc.SurfaceViewRenderer { <init>(...); }
-keep class rtc.conference.MeetingActivity { <init>(...); }
-keep class rtc.conference.MultiCallActivity { <init>(...); }
-keep class rtc.conference.MultiCallWaitingAnswerActivity { <init>(...); }
-keep class rtc.p2p.CallActivity { <init>(...); }
-keep class rtc.p2p.P2PVideoCallWaitingAnswerActivity { <init>(...); }
-keep class rtc.view.LoadingView { <init>(...); }
-keep class rtc.view.MultiVideoChatLayout { <init>(...); }

# End of content from release/generateReleaseLibraryProguardRules/aapt_rules.txt
# The proguard configuration file for the following section is default_proguard_files/global/proguard-android-optimize.txt-8.8.2
# This is a configuration file for ProGuard.
# http://proguard.sourceforge.net/index.html#manual/usage.html
#
# Starting with version 2.2 of the Android plugin for Gradle, this file is distributed together with
# the plugin and unpacked at build-time. The files in $ANDROID_HOME are no longer maintained and
# will be ignored by new version of the Android plugin for Gradle.

# Optimizations: If you don't want to optimize, use the proguard-android.txt configuration file
# instead of this one, which turns off the optimization flags.
-allowaccessmodification

# Preserve some attributes that may be required for reflection.
-keepattributes AnnotationDefault,
                EnclosingMethod,
                InnerClasses,
                RuntimeVisibleAnnotations,
                RuntimeVisibleParameterAnnotations,
                RuntimeVisibleTypeAnnotations,
                Signature

-keep public class com.google.vending.licensing.ILicensingService
-keep public class com.android.vending.licensing.ILicensingService
-keep public class com.google.android.vending.licensing.ILicensingService
-dontnote com.android.vending.licensing.ILicensingService
-dontnote com.google.vending.licensing.ILicensingService
-dontnote com.google.android.vending.licensing.ILicensingService

# For native methods, see https://www.guardsquare.com/manual/configuration/examples#native
-keepclasseswithmembernames,includedescriptorclasses class * {
    native <methods>;
}

# Keep setters in Views so that animations can still work.
-keepclassmembers public class * extends android.view.View {
    void set*(***);
    *** get*();
}

# We want to keep methods in Activity that could be used in the XML attribute onClick.
-keepclassmembers class * extends android.app.Activity {
    public void *(android.view.View);
}

# For enumeration classes, see https://www.guardsquare.com/manual/configuration/examples#enumerations
-keepclassmembers enum * {
    public static **[] values();
    public static ** valueOf(java.lang.String);
}

-keepclassmembers class * implements android.os.Parcelable {
    public static final ** CREATOR;
}

# Preserve annotated Javascript interface methods.
-keepclassmembers class * {
    @android.webkit.JavascriptInterface <methods>;
}

# The support libraries contains references to newer platform versions.
# Don't warn about those in case this app is linking against an older
# platform version. We know about them, and they are safe.
-dontnote android.support.**
-dontnote androidx.**
-dontwarn android.support.**
-dontwarn androidx.**

# Understand the @Keep support annotation.
-keep class android.support.annotation.Keep

-keep @android.support.annotation.Keep class * {*;}

-keepclasseswithmembers class * {
    @android.support.annotation.Keep <methods>;
}

-keepclasseswithmembers class * {
    @android.support.annotation.Keep <fields>;
}

-keepclasseswithmembers class * {
    @android.support.annotation.Keep <init>(...);
}

# These classes are duplicated between android.jar and org.apache.http.legacy.jar.
-dontnote org.apache.http.**
-dontnote android.net.http.**

# These classes are duplicated between android.jar and core-lambda-stubs.jar.
-dontnote java.lang.invoke.**

# End of content from default_proguard_files/global/proguard-android-optimize.txt-8.8.2
# The proguard configuration file for the following section is TangSengDaoDaoAndroid/wkrtc/proguard-rules.pro
# Add project specific ProGuard rules here.
# You can control the set of applied configuration files using the
# proguardFiles setting in build.gradle.
#
# For more details, see
#   http://developer.android.com/guide/developing/tools/proguard.html

# If your project uses WebView with JS, uncomment the following
# and specify the fully qualified class name to the JavaScript interface
# class:
#-keepclassmembers class fqcn.of.javascript.interface.for.webview {
#   public *;
#}

# Uncomment this to preserve the line number information for
# debugging stack traces.
#-keepattributes SourceFile,LineNumberTable

# If you keep the line number information, uncomment this to
# hide the original source file name.
#-renamesourcefileattribute SourceFile

-keep class com.chat.rtc.** {*;}

-keep class org.webrtc.** {*;}
-flattenpackagehierarchy 'wkrtc'
# End of content from TangSengDaoDaoAndroid/wkrtc/proguard-rules.pro
# The proguard configuration file for the following section is exportReleaseConsumerProguardFiles/lib0/proguard.txt

# End of content from exportReleaseConsumerProguardFiles/lib0/proguard.txt
# The proguard configuration file for the following section is transformed/jetified-BaseRecyclerViewAdapterHelper-3.0.14/proguard.txt
# Add project specific ProGuard rules here.
# By default, the flags in this file are appended to flags specified
# in /Users/huasheng/Desktop/sdk/tools/proguard/proguard-android.txt
# You can edit the include path and order by changing the proguardFiles
# directive in build.gradle.
#
# For more details, see
#   http://developer.android.com/guide/developing/tools/proguard.html

# Add any project specific keep options here:

# If your project uses WebView with JS, uncomment the following
# and specify the fully qualified class name to the JavaScript interface
# class:
#-keepclassmembers class fqcn.of.javascript.interface.for.webview {
#   public *;
#}

#-keep class com.chad.library.adapter.** {
#*;
#}
#-keep public class * extends com.chad.library.adapter.base.BaseQuickAdapter
-keep public class * extends com.chad.library.adapter.base.viewholder.BaseViewHolder
-keepclassmembers  class **$** extends com.chad.library.adapter.base.viewholder.BaseViewHolder {
     <init>(...);
}
-keep class com.chad.library.adapter.base.viewholder.BaseDataBindingHolder {*;}

#-keepattributes InnerClasses
#
#-keep class androidx.** {*;}
#-keep public class * extends androidx.**
#-keep interface androidx.** {*;}
#-dontwarn androidx.**
# End of content from transformed/jetified-BaseRecyclerViewAdapterHelper-3.0.14/proguard.txt
# The proguard configuration file for the following section is transformed/databinding-runtime-8.0.0/proguard.txt
-dontwarn androidx.databinding.ViewDataBinding
-dontwarn androidx.databinding.ViewDataBinding$LiveDataListener

# instant apps load these via reflection so we need to keep them.
-keep public class * extends androidx.databinding.DataBinderMapper


# End of content from transformed/databinding-runtime-8.0.0/proguard.txt
# The proguard configuration file for the following section is transformed/jetified-XPopup-2.9.19/proguard.txt
# Generated keep rule for Lifecycle observer adapter.
-if class com.lxj.xpopup.core.BasePopupView {
    <init>(...);
}
-keep class com.lxj.xpopup.core.BasePopupView_LifecycleAdapter {
    <init>(...);
}

# End of content from transformed/jetified-XPopup-2.9.19/proguard.txt
# The proguard configuration file for the following section is transformed/jetified-WuKongIMAndroidSDK-1.4.5/proguard.txt

# End of content from transformed/jetified-WuKongIMAndroidSDK-1.4.5/proguard.txt
# The proguard configuration file for the following section is transformed/material-1.12.0/proguard.txt
# Copyright (C) 2015 The Android Open Source Project
#
# Licensed under the Apache License, Version 2.0 (the "License");
# you may not use this file except in compliance with the License.
# You may obtain a copy of the License at
#
#      http://www.apache.org/licenses/LICENSE-2.0
#
# Unless required by applicable law or agreed to in writing, software
# distributed under the License is distributed on an "AS IS" BASIS,
# WITHOUT WARRANTIES OR CONDITIONS OF ANY KIND, either express or implied.
# See the License for the specific language governing permissions and
# limitations under the License.

# CoordinatorLayout resolves the behaviors of its child components with reflection.
-keep public class * extends androidx.coordinatorlayout.widget.CoordinatorLayout$Behavior {
    public <init>(android.content.Context, android.util.AttributeSet);
    public <init>();
}

# Make sure we keep annotations for CoordinatorLayout's DefaultBehavior
-keepattributes RuntimeVisible*Annotation*

# Copyright (C) 2018 The Android Open Source Project
#
# Licensed under the Apache License, Version 2.0 (the "License");
# you may not use this file except in compliance with the License.
# You may obtain a copy of the License at
#
#      http://www.apache.org/licenses/LICENSE-2.0
#
# Unless required by applicable law or agreed to in writing, software
# distributed under the License is distributed on an "AS IS" BASIS,
# WITHOUT WARRANTIES OR CONDITIONS OF ANY KIND, either express or implied.
# See the License for the specific language governing permissions and
# limitations under the License.

# AppCompatViewInflater reads the viewInflaterClass theme attribute which then
# reflectively instantiates MaterialComponentsViewInflater using the no-argument
# constructor. We only need to keep this constructor and the class name if
# AppCompatViewInflater is also being kept.
-if class androidx.appcompat.app.AppCompatViewInflater
-keep class com.google.android.material.theme.MaterialComponentsViewInflater {
    <init>();
}


# End of content from transformed/material-1.12.0/proguard.txt
# The proguard configuration file for the following section is com.android.tools/r8-from-1.6.0/kotlin-reflect.pro
# When editing this file, update the following files as well:
# - META-INF/com.android.tools/proguard/kotlin-reflect.pro
# - META-INF/com.android.tools/r8-upto-1.6.0/kotlin-reflect.pro
# - META-INF/proguard/kotlin-reflect.pro
# Keep Metadata annotations so they can be parsed at runtime.
-keep class kotlin.Metadata { *; }

# Keep generic signatures and annotations at runtime.
# R8 requires InnerClasses and EnclosingMethod if you keepattributes Signature.
-keepattributes InnerClasses,Signature,RuntimeVisible*Annotations,EnclosingMethod

# Don't note on API calls from different JVM versions as they're gated properly at runtime.
-dontnote kotlin.internal.PlatformImplementationsKt

# Don't note on internal APIs, as there is some class relocating that shrinkers may unnecessarily find suspicious.
-dontwarn kotlin.reflect.jvm.internal.**

# Statically guarded by try-catch block and not used on Android, see CacheByClass
-dontwarn java.lang.ClassValue

# Do not even execute try-catch block for ClassValue
-assumenosideeffects class kotlin.reflect.jvm.internal.CacheByClassKt {
    boolean useClassValue return false;
}

# End of content from com.android.tools/r8-from-1.6.0/kotlin-reflect.pro
# The proguard configuration file for the following section is META-INF/proguard/retrofit2.pro
# Retrofit does reflection on generic parameters. InnerClasses is required to use Signature and
# EnclosingMethod is required to use InnerClasses.
-keepattributes Signature, InnerClasses, EnclosingMethod

# Retrofit does reflection on method and parameter annotations.
-keepattributes RuntimeVisibleAnnotations, RuntimeVisibleParameterAnnotations

# Keep annotation default values (e.g., retrofit2.http.Field.encoded).
-keepattributes AnnotationDefault

# Retain service method parameters when optimizing.
-keepclassmembers,allowshrinking,allowobfuscation interface * {
    @retrofit2.http.* <methods>;
}

# Ignore annotation used for build tooling.
-dontwarn org.codehaus.mojo.animal_sniffer.IgnoreJRERequirement

# Ignore JSR 305 annotations for embedding nullability information.
-dontwarn javax.annotation.**

# Guarded by a NoClassDefFoundError try/catch and only used when on the classpath.
-dontwarn kotlin.Unit

# Top-level functions that can only be used by Kotlin.
-dontwarn retrofit2.KotlinExtensions
-dontwarn retrofit2.KotlinExtensions$*

# With R8 full mode, it sees no subtypes of Retrofit interfaces since they are created with a Proxy
# and replaces all potential values with null. Explicitly keeping the interfaces prevents this.
-if interface * { @retrofit2.http.* <methods>; }
-keep,allowobfuscation interface <1>

# Keep inherited services.
-if interface * { @retrofit2.http.* <methods>; }
-keep,allowobfuscation interface * extends <1>

# With R8 full mode generic signatures are stripped for classes that are not
# kept. Suspend functions are wrapped in continuations where the type argument
# is used.
-keep,allowobfuscation,allowshrinking class kotlin.coroutines.Continuation

# R8 full mode strips generic signatures from return types if not kept.
-if interface * { @retrofit2.http.* public *** *(...); }
-keep,allowoptimization,allowshrinking,allowobfuscation class <3>

# With R8 full mode generic signatures are stripped for classes that are not kept.
-keep,allowobfuscation,allowshrinking class retrofit2.Response

# End of content from META-INF/proguard/retrofit2.pro
# The proguard configuration file for the following section is META-INF/proguard/okhttp3.pro
# JSR 305 annotations are for embedding nullability information.
-dontwarn javax.annotation.**

# A resource is loaded with a relative path so the package of this class must be preserved.
-keepnames class okhttp3.internal.publicsuffix.PublicSuffixDatabase

# Animal Sniffer compileOnly dependency to ensure APIs are compatible with older versions of Java.
-dontwarn org.codehaus.mojo.animal_sniffer.*

# OkHttp platform used only on JVM and when Conscrypt dependency is available.
-dontwarn okhttp3.internal.platform.ConscryptPlatform
-dontwarn org.conscrypt.ConscryptHostnameVerifier

# End of content from META-INF/proguard/okhttp3.pro
# The proguard configuration file for the following section is transformed/jetified-subsampling-scale-image-view-androidx-3.10.0/proguard.txt
-keep class com.davemorrissey.labs.subscaleview.** { *; }

# End of content from transformed/jetified-subsampling-scale-image-view-androidx-3.10.0/proguard.txt
# The proguard configuration file for the following section is transformed/jetified-media3-exoplayer-1.4.1/proguard.txt
# Proguard rules specific to the core module.

# Constructors accessed via reflection in DefaultRenderersFactory
-dontnote androidx.media3.decoder.vp9.LibvpxVideoRenderer
-keepclassmembers class androidx.media3.decoder.vp9.LibvpxVideoRenderer {
  <init>(long, android.os.Handler, androidx.media3.exoplayer.video.VideoRendererEventListener, int);
}
-dontnote androidx.media3.decoder.av1.Libgav1VideoRenderer
-keepclassmembers class androidx.media3.decoder.av1.Libgav1VideoRenderer {
  <init>(long, android.os.Handler, androidx.media3.exoplayer.video.VideoRendererEventListener, int);
}
-dontnote androidx.media3.decoder.ffmpeg.ExperimentalFfmpegVideoRenderer
-keepclassmembers class androidx.media3.decoder.ffmpeg.ExperimentalFfmpegVideoRenderer {
  <init>(long, android.os.Handler, androidx.media3.exoplayer.video.VideoRendererEventListener, int);
}
-dontnote androidx.media3.decoder.opus.LibopusAudioRenderer
-keepclassmembers class androidx.media3.decoder.opus.LibopusAudioRenderer {
  <init>(android.os.Handler, androidx.media3.exoplayer.audio.AudioRendererEventListener, androidx.media3.exoplayer.audio.AudioSink);
}
-dontnote androidx.media3.decoder.flac.LibflacAudioRenderer
-keepclassmembers class androidx.media3.decoder.flac.LibflacAudioRenderer {
  <init>(android.os.Handler, androidx.media3.exoplayer.audio.AudioRendererEventListener, androidx.media3.exoplayer.audio.AudioSink);
}
-dontnote androidx.media3.decoder.ffmpeg.FfmpegAudioRenderer
-keepclassmembers class androidx.media3.decoder.ffmpeg.FfmpegAudioRenderer {
  <init>(android.os.Handler, androidx.media3.exoplayer.audio.AudioRendererEventListener, androidx.media3.exoplayer.audio.AudioSink);
}
-dontnote androidx.media3.decoder.midi.MidiRenderer
-keepclassmembers class androidx.media3.decoder.midi.MidiRenderer {
  <init>(android.content.Context);
}

# Constructors accessed via reflection in DefaultDownloaderFactory
-dontnote androidx.media3.exoplayer.dash.offline.DashDownloader
-keepclassmembers class androidx.media3.exoplayer.dash.offline.DashDownloader {
  <init>(androidx.media3.common.MediaItem, androidx.media3.datasource.cache.CacheDataSource$Factory, java.util.concurrent.Executor);
}
-dontnote androidx.media3.exoplayer.hls.offline.HlsDownloader
-keepclassmembers class androidx.media3.exoplayer.hls.offline.HlsDownloader {
  <init>(androidx.media3.common.MediaItem, androidx.media3.datasource.cache.CacheDataSource$Factory, java.util.concurrent.Executor);
}
-dontnote androidx.media3.exoplayer.smoothstreaming.offline.SsDownloader
-keepclassmembers class androidx.media3.exoplayer.smoothstreaming.offline.SsDownloader {
  <init>(androidx.media3.common.MediaItem, androidx.media3.datasource.cache.CacheDataSource$Factory, java.util.concurrent.Executor);
}

# Constructors accessed via reflection in DefaultMediaSourceFactory
-dontnote androidx.media3.exoplayer.dash.DashMediaSource$Factory
-keepclasseswithmembers class androidx.media3.exoplayer.dash.DashMediaSource$Factory {
  <init>(androidx.media3.datasource.DataSource$Factory);
}
-dontnote androidx.media3.exoplayer.hls.HlsMediaSource$Factory
-keepclasseswithmembers class androidx.media3.exoplayer.hls.HlsMediaSource$Factory {
  <init>(androidx.media3.datasource.DataSource$Factory);
}
-dontnote androidx.media3.exoplayer.smoothstreaming.SsMediaSource$Factory
-keepclasseswithmembers class androidx.media3.exoplayer.smoothstreaming.SsMediaSource$Factory {
  <init>(androidx.media3.datasource.DataSource$Factory);
}
-dontnote androidx.media3.exoplayer.rtsp.RtspMediaSource$Factory
-keepclasseswithmembers class androidx.media3.exoplayer.rtsp.RtspMediaSource$Factory {
  <init>();
}

# Constructors and methods accessed via reflection in CompositingVideoSinkProvider
-dontnote androidx.media3.effect.PreviewingSingleInputVideoGraph$Factory
-keepclasseswithmembers class androidx.media3.effect.PreviewingSingleInputVideoGraph$Factory {
  <init>(androidx.media3.common.VideoFrameProcessor$Factory);
}
-dontnote androidx.media3.effect.DefaultVideoFrameProcessor$Factory$Builder
-keepclasseswithmembers class androidx.media3.effect.DefaultVideoFrameProcessor$Factory$Builder {
  androidx.media3.effect.DefaultVideoFrameProcessor$Factory build();
}

# End of content from transformed/jetified-media3-exoplayer-1.4.1/proguard.txt
# The proguard configuration file for the following section is transformed/jetified-media3-extractor-1.4.1/proguard.txt
# Proguard rules specific to the extractor module.

# Methods accessed via reflection in DefaultExtractorsFactory
-dontnote androidx.media3.decoder.flac.FlacExtractor