wkrtc/build/outputs/mapping/release/seeds.txt
com.chat.rtc.multi.GroupMemberEntity$1
com.chat.rtc.databinding.ChooseCallMembersLayoutBinding
com.chat.rtc.databinding.FloatingCallLayoutBinding
com.chat.rtc.multi.GroupMemberEntity
com.chat.rtc.R$xml
com.chat.rtc.service.RTCModel$8
com.chat.rtc.entity.RTCToken
com.chat.rtc.R$array
com.chat.rtc.R$mipmap
com.chat.rtc.service.RTCModel$11
com.chat.rtc.WKUIRTCApplication
com.chat.rtc.service.RTCModel$2
com.chat.rtc.service.RTCModel$IGetRoomID
com.chat.rtc.databinding.ActWaitingAnswerLayoutBinding
com.chat.rtc.service.RTCModel$5
com.chat.rtc.databinding.ItemCallMemberBinding
com.chat.rtc.R$animator
com.chat.rtc.R$id
com.chat.rtc.multi.ChooseMemberAdapter
com.chat.rtc.multi.ChooseUserSelectedAdapter$1
com.chat.rtc.R$attr
com.chat.rtc.multi.ChooseRTCMemberActivity
com.chat.rtc.R$raw
com.chat.rtc.service.RTCModel$7
com.chat.rtc.R$string
com.chat.rtc.R$font
com.chat.rtc.WKUIRTCApplication$initListener$7
com.chat.rtc.entity.VideoRoom
com.chat.rtc.R
com.chat.rtc.databinding.ItemWaitingAnswerUserLayoutBinding
com.chat.rtc.R$interpolator
com.chat.rtc.multi.ChooseRTCMemberActivity$initView$1
com.chat.rtc.service.RTCModel$3
com.chat.rtc.databinding.ActMultiCallLayoutBinding
com.chat.rtc.databinding.ActP2pCallLayoutBinding
com.chat.rtc.R$plurals
com.chat.rtc.service.RTCModel$6
com.chat.rtc.R$anim
com.chat.rtc.R$dimen
com.chat.rtc.msg.WKRTCType
com.chat.rtc.service.RTCModel$9
com.chat.rtc.R$style
com.chat.rtc.R$drawable
com.chat.rtc.R$integer
com.chat.rtc.multi.ChooseUserSelectedAdapter$IGetEdit
com.chat.rtc.service.RTCModel
com.chat.rtc.service.RTCModel$1
com.chat.rtc.service.RTCModel$10
com.chat.rtc.service.RTCModel$IGetVideoCallToken
com.chat.rtc.msg.RTCDataContent
com.chat.rtc.msg.RTCMsgContent
com.chat.rtc.databinding.ItemUserSelectedBinding
com.chat.rtc.databinding.ActP2pCallWaitingAnswerLayoutBinding
com.chat.rtc.multi.ChooseUserSelectedAdapter
com.chat.rtc.msg.WKCallResultType
com.chat.rtc.entity.RtcOfflineMsg
com.chat.rtc.msg.P2PRTCProviderItem
com.chat.rtc.R$layout
com.chat.rtc.R$menu
com.chat.rtc.R$bool
com.chat.rtc.service.RTCModel$LiMVideoCallModelBinder
com.chat.rtc.R$color
com.chat.rtc.msg.MultiRTCProviderItem
com.chat.rtc.databinding.ChatItemP2pVideoCallBinding
com.chat.rtc.msg.SwitchVideoRespondContent
com.chat.rtc.databinding.ItemSurfaceviewBinding
com.chat.rtc.R$styleable
com.chat.rtc.service.RTCModel$4
com.chat.rtc.msg.MultiMsgContent
com.chat.rtc.service.RTCService
com.chat.rtc.R$dimen: int abc_action_bar_overflow_padding_start_material
com.chat.rtc.R$mipmap: int icon_hang_up
com.chat.rtc.R$styleable: int Constraint_flow_lastHorizontalStyle
com.chat.rtc.R$string: int abc_font_family_subhead_material
com.chat.rtc.R$attr: int castSeekBarUnseekableProgressColor
com.chat.rtc.R$color: int cardview_light_background
com.chat.rtc.R$attr: int SpinKitViewStyle
com.chat.rtc.R$style: int ThemeOverlay_MaterialComponents_AutoCompleteTextView_FilledBox
com.chat.rtc.R$id: int FixedFront
com.chat.rtc.R$dimen: int material_emphasis_disabled_background
com.chat.rtc.R$styleable: int Layout_layout_constraintHeight_default
com.chat.rtc.R$styleable: int[] MaterialAlertDialog
com.chat.rtc.R$style: int Base_TextAppearance_AppCompat_SearchResult_Title
com.chat.rtc.R$id: int design_menu_item_text
com.chat.rtc.R$styleable: int CustomAttribute_customIntegerValue
com.chat.rtc.R$string: int exo_controls_seek_bar_description
com.chat.rtc.R$styleable: int AppCompatTheme_controlBackground
com.chat.rtc.R$integer: int status_bar_notification_info_maxnum
com.chat.rtc.R$id: int position
com.chat.rtc.R$dimen: int exo_icon_padding
com.chat.rtc.R$id: int hide_ime_id
com.chat.rtc.R$string: int abc_action_mode_done
com.chat.rtc.R$dimen: int m3_comp_radio_button_disabled_selected_icon_opacity
com.chat.rtc.R$color: int material_dynamic_neutral_variant60
com.chat.rtc.R$styleable: int ClassicsHeader_srlTextSizeTitle
com.chat.rtc.R$dimen: int design_bottom_navigation_active_text_size
com.chat.rtc.R$styleable: int Constraint_layout_constraintCircle
...
rtc.view.LoadingView
rtc.conference.MultiCallActivity
rtc.p2p.P2PVideoCallWaitingAnswerActivity
rtc.p2p.CallActivity
rtc.conference.MeetingActivity
rtc.view.MultiVideoChatLayout
rtc.conference.MultiCallWaitingAnswerActivity
rtc.conference.MultiCallActivity: MultiCallActivity()
owt.conference.ConferenceClient$RoomStates: owt.conference.ConferenceClient$RoomStates[] values()
owt.p2p.OwtP2PError: owt.p2p.OwtP2PError[] values()
rtc.view.LoadingView: LoadingView(android.content.Context,android.util.AttributeSet)
owt.p2p.P2PClient$SignalingMessageType: owt.p2p.P2PClient$SignalingMessageType[] values()
rtc.view.LoadingView: LoadingView(android.content.Context)
owt.base.MediaCodecs$VideoCodec: owt.base.MediaCodecs$VideoCodec[] values()
owt.p2p.P2PClient$ServerConnectionStatus: owt.p2p.P2PClient$ServerConnectionStatus valueOf(java.lang.String)
owt.base.ContextInitialization$NetworkType: owt.base.ContextInitialization$NetworkType[] values()
rtc.view.MultiVideoChatLayout: MultiVideoChatLayout(android.content.Context)
rtc.conference.MultiCallWaitingAnswerActivity: MultiCallWaitingAnswerActivity()
owt.base.MediaCodecs$AudioCodec: owt.base.MediaCodecs$AudioCodec[] values()
owt.base.Stream$StreamSourceInfo$VideoSourceInfo: owt.base.Stream$StreamSourceInfo$VideoSourceInfo[] values()
owt.p2p.P2PClient$SignalingMessageType: owt.p2p.P2PClient$SignalingMessageType valueOf(java.lang.String)
owt.base.Stream$StreamSourceInfo$VideoSourceInfo: owt.base.Stream$StreamSourceInfo$VideoSourceInfo valueOf(java.lang.String)
owt.base.MediaConstraints$TrackKind: owt.base.MediaConstraints$TrackKind valueOf(java.lang.String)
rtc.p2p.CallActivity: CallActivity()
owt.base.ContextInitialization$NetworkType: owt.base.ContextInitialization$NetworkType valueOf(java.lang.String)
rtc.view.MultiVideoChatLayout: MultiVideoChatLayout(android.content.Context,android.util.AttributeSet,int,int)
owt.base.MediaConstraints$TrackKind: owt.base.MediaConstraints$TrackKind[] values()
rtc.conference.MeetingActivity: MeetingActivity()
rtc.view.LoadingView: LoadingView(android.content.Context,android.util.AttributeSet,int)
rtc.view.MultiVideoChatLayout: MultiVideoChatLayout(android.content.Context,android.util.AttributeSet,int)
rtc.p2p.P2PVideoCallWaitingAnswerActivity: P2PVideoCallWaitingAnswerActivity()
rtc.view.MultiVideoChatLayout: MultiVideoChatLayout(android.content.Context,android.util.AttributeSet)
owt.conference.ConferenceClient$RoomStates: owt.conference.ConferenceClient$RoomStates valueOf(java.lang.String)
owt.base.MediaCodecs$AudioCodec: owt.base.MediaCodecs$AudioCodec valueOf(java.lang.String)
owt.p2p.P2PClient$ServerConnectionStatus: owt.p2p.P2PClient$ServerConnectionStatus[] values()
owt.base.MediaCodecs$H264Profile: owt.base.MediaCodecs$H264Profile[] values()
owt.p2p.OwtP2PError: owt.p2p.OwtP2PError valueOf(java.lang.String)
owt.base.Stream$StreamSourceInfo$AudioSourceInfo: owt.base.Stream$StreamSourceInfo$AudioSourceInfo valueOf(java.lang.String)
owt.base.MediaCodecs$VideoCodec: owt.base.MediaCodecs$VideoCodec valueOf(java.lang.String)
owt.base.MediaCodecs$H264Profile: owt.base.MediaCodecs$H264Profile valueOf(java.lang.String)
owt.base.Stream$StreamSourceInfo$AudioSourceInfo: owt.base.Stream$StreamSourceInfo$AudioSourceInfo[] values()