wkrtc/build/outputs/mapping/release/mapping.txt
# compiler: R8
# compiler_version: 8.8.34
# common_typos_disable
# {"id":"com.android.tools.r8.mapping","version":"2.2"}
# pg_map_id: b8e4b04
# pg_map_hash: SHA-256 b8e4b045884a98f80469d53150e8a44ae804eb8a542e58234cfe872c5ba4df42
com.chat.rtc.WKUIRTCApplication -> com.chat.rtc.WKUIRTCApplication:
# {"id":"sourceFile","fileName":"WKUIRTCApplication.kt"}
    rtc.inters.IChooseMembersBack iChooseMembersBack -> iChooseMembersBack
      # {"id":"com.android.tools.r8.residualsignature","signature":"Lwkrtc/g/c;"}
    1:5:void <clinit>():60:64 -> <clinit>
    1:1:void <init>():56:56 -> <init>
    1:1:long access$getClientSeq$p():56:56 -> access$getClientSeq$p
    1:1:void access$setClientSeq$p(long):56:56 -> access$setClientSeq$p
    1:2:boolean checkOverlayPermission(android.content.Context):703:704 -> checkOverlayPermission
    1:1:rtc.inters.IChooseMembersBack getIChooseMembersBack():65:65 -> getIChooseMembersBack
      # {"id":"com.android.tools.r8.residualsignature","signature":"()Lwkrtc/g/c;"}
    1:3:java.util.ArrayList getList():84:86 -> getList
    4:8:java.util.ArrayList getList():86:90 -> getList
    1:1:java.lang.String getRoomID():66:66 -> getRoomID
    1:5:void init(java.util.ArrayList):68:72 -> init
    6:6:rtc.WKRTCApplication rtc.WKRTCApplication.getInstance():41:41 -> init
    6:6:void init(java.util.ArrayList):76 -> init
    7:7:void init(java.util.ArrayList):78:78 -> init
    8:8:void rtc.WKRTCApplication.initModule(android.content.Context,java.util.List):68:68 -> init
    8:8:void init(java.util.ArrayList):77 -> init
      # {"id":"com.android.tools.r8.rewriteFrame","conditions":["throws(Ljava/lang/NullPointerException;)"],"actions":["removeInnerFrames(1)"]}
com.chat.rtc.WKUIRTCApplication$initListener$7 -> com.chat.rtc.WKUIRTCApplication$initListener$7:
# {"id":"sourceFile","fileName":"WKUIRTCApplication.kt"}
    1:1:void <init>():198:198 -> <init>
    1:1:void sendAccept(java.lang.String,java.lang.String,int):286:286 -> sendAccept
    1:1:void sendCancel(java.lang.String,int):239:239 -> sendCancel
    1:1:void sendHangUpMsg(java.lang.String,int,int,int):218:218 -> sendHangUpMsg
    1:1:void sendMultiHangup(java.lang.String):231:231 -> sendMultiHangup
    1:1:void sendMultiJoined(java.lang.String):235:235 -> sendMultiJoined
    1:1:void sendMultiRefuse(java.lang.String):227:227 -> sendMultiRefuse
    1:10:void sendRTCMsg(java.lang.String,java.lang.String,rtc.inters.ISendMsgBack):201:210 -> sendRTCMsg
      # {"id":"com.android.tools.r8.residualsignature","signature":"(Ljava/lang/String;Ljava/lang/String;Lwkrtc/g/f;)V"}
    11:14:void sendRTCMsg(java.lang.String,java.lang.String,rtc.inters.ISendMsgBack):209:212 -> sendRTCMsg
    1:1:void sendRefuse(java.lang.String,byte,int):223:223 -> sendRefuse
    1:9:void sendSwitchAudio(java.lang.String,java.lang.String):244:252 -> sendSwitchAudio
    1:9:void sendSwitchVideo(java.lang.String,java.lang.String):257:265 -> sendSwitchVideo
    1:12:void sendSwitchVideoRespond(java.lang.String,java.lang.String,int):270:281 -> sendSwitchVideoRespond
...
owt.conference.Participant -> wkrtc.b.g:
# {"id":"sourceFile","fileName":"Participant.java"}
    java.lang.String id -> a
    java.lang.String userId -> b
    1:4:void <init>(org.json.JSONObject):32:35 -> <init>
owt.conference.Publication -> wkrtc.b.h:
# {"id":"sourceFile","fileName":"Publication.java"}
    owt.conference.ConferenceClient client -> c
      # {"id":"com.android.tools.r8.residualsignature","signature":"Lwkrtc/b/b;"}
    1:2:void <init>(java.lang.String,owt.conference.ConferenceClient):28:29 -> <init>
      # {"id":"com.android.tools.r8.residualsignature","signature":"(Ljava/lang/String;Lwkrtc/b/b;)V"}
    1:16:void mute(owt.base.MediaConstraints$TrackKind,owt.base.ActionCallback):64:79 -> a
      # {"id":"com.android.tools.r8.residualsignature","signature":"(Lwkrtc/a/k;)V"}
    17:20:org.json.JSONObject generateMsg(owt.base.MediaConstraints$TrackKind,boolean):120:123 -> a
    17:20:void mute(owt.base.MediaConstraints$TrackKind,owt.base.ActionCallback):80 -> a
    21:25:void mute(owt.base.MediaConstraints$TrackKind,owt.base.ActionCallback):79:83 -> a
    26:31:void lambda$mute$0(owt.base.ActionCallback,java.lang.Object[]):69:74 -> a
      # {"id":"com.android.tools.r8.residualsignature","signature":"(Lwkrtc/a/a;[Ljava/lang/Object;)V"}
    1:16:void unmute(owt.base.MediaConstraints$TrackKind,owt.base.ActionCallback):96:111 -> b
      # {"id":"com.android.tools.r8.residualsignature","signature":"(Lwkrtc/a/k;)V"}
    17:20:org.json.JSONObject generateMsg(owt.base.MediaConstraints$TrackKind,boolean):120:123 -> b
    17:20:void unmute(owt.base.MediaConstraints$TrackKind,owt.base.ActionCallback):112 -> b
owt.conference.PublicationSettings -> R8$$REMOVED$$CLASS$$3:
# {"id":"sourceFile","fileName":"PublicationSettings.java"}
owt.conference.PublicationSettings$AudioPublicationSettings -> wkrtc.b.i:
# {"id":"sourceFile","fileName":"PublicationSettings.java"}
    1:5:void <init>(org.json.JSONObject):62:66 -> <init>
owt.conference.PublicationSettings$VideoPublicationSettings -> wkrtc.b.j:
# {"id":"sourceFile","fileName":"PublicationSettings.java"}
    1:3:void <init>(org.json.JSONObject):80:82 -> <init>
    4:4:owt.base.MediaCodecs$VideoCodec owt.base.MediaCodecs$VideoCodec.get(java.lang.String):28:28 -> <init>
    4:4:void <init>(org.json.JSONObject):82 -> <init>
    5:5:void <init>(org.json.JSONObject):85:85 -> <init>
    6:6:org.json.JSONObject owt.conference.JsonUtils.getObj(org.json.JSONObject,java.lang.String):49:49 -> <init>
    6:6:void <init>(org.json.JSONObject):85 -> <init>
    7:7:void <init>(org.json.JSONObject):87:87 -> <init>
    8:8:org.json.JSONObject owt.conference.JsonUtils.getObj(org.json.JSONObject,java.lang.String):49:49 -> <init>
    8:8:void <init>(org.json.JSONObject):87 -> <init>
    9:10:void <init>(org.json.JSONObject):87:88 -> <init>
    11:11:org.json.JSONObject owt.conference.JsonUtils.getObj(org.json.JSONObject,java.lang.String):49:49 -> <init>
    11:11:void <init>(org.json.JSONObject):88 -> <init>
    12:24:void <init>(org.json.JSONObject):88:100 -> <init>
    25:25:java.lang.String owt.conference.JsonUtils.getString(org.json.JSONObject,java.lang.String):15:15 -> <init>
    25:25:void <init>(org.json.JSONObject):100 -> <init>
owt.conference.PublishOptions -> wkrtc.b.k:
# {"id":"sourceFile","fileName":"PublishOptions.java"}
    java.util.List audioEncodingParameters -> a
      # {"id":"com.android.tools.r8.residualsignature","signature":"Ljava/util/ArrayList;"}
    java.util.List videoEncodingParameters -> b
      # {"id":"com.android.tools.r8.residualsignature","signature":"Ljava/util/ArrayList;"}
    1:3:void <init>(java.util.List,java.util.List):24:26 -> <init>
      # {"id":"com.android.tools.r8.residualsignature","signature":"(Ljava/util/ArrayList;Ljava/util/ArrayList;)V"}
owt.conference.PublishOptions$Builder -> R8$$REMOVED$$CLASS$$4:
# {"id":"sourceFile","fileName":"PublishOptions.java"}