wkrtc/build/outputs/mapping/release/usage.txt
owt.conference.Subscription$VideoUpdateOptions
owt.conference.Subscription:
    public void applyOptions(owt.conference.Subscription$VideoUpdateOptions,owt.base.ActionCallback)
    private org.json.JSONObject generateMsg(owt.base.MediaConstraints$TrackKind,boolean)
    private synthetic void lambda$applyOptions$2(owt.base.ActionCallback,java.lang.Object[])
    private synthetic void lambda$mute$0(owt.base.MediaConstraints$TrackKind,owt.base.ActionCallback,java.lang.Object[])
    private synthetic void lambda$unmute$1(owt.base.MediaConstraints$TrackKind,owt.base.ActionCallback,java.lang.Object[])
    public void mute(owt.base.MediaConstraints$TrackKind,owt.base.ActionCallback)
    public void removeObserver(owt.conference.Subscription$SubscriptionObserver)
    public void stop()
    public void unmute(owt.base.MediaConstraints$TrackKind,owt.base.ActionCallback)
owt.p2p.P2PClient:
    public synchronized void getStats(java.lang.String,owt.base.ActionCallback)
    public java.lang.String id()
    public void onRenegotiationRequest(java.lang.String)
    public void removeAllowedRemotePeer(java.lang.String)
    public synchronized void send(java.lang.String,java.lang.String,owt.base.ActionCallback)
owt.p2p.P2PClientConfiguration$Builder:
    public owt.p2p.P2PClientConfiguration$Builder addAudioParameters(owt.base.AudioEncodingParameters)
owt.p2p.P2PPeerConnectionChannel:
    void sendData(java.lang.String,owt.base.ActionCallback)
    void unpublish(java.lang.String)
owt.p2p.Publication:
    public void addObserver(owt.p2p.Publication$PublicationObserver)
    public void getStats(owt.base.ActionCallback)
    public void removeObserver(owt.p2p.Publication$PublicationObserver)
    public void stop()
owt.p2p.SignalingChannelInterface:
    public abstract void removeObserver(owt.p2p.SignalingChannelInterface$SignalingChannelObserver)
owt.utils.OwtFileVideoCapturer
owt.utils.OwtScreenCapturer$1
owt.utils.OwtScreenCapturer
rtc.WKRTCApplication$LiMRTCApplicationBinder:
    private void <init>()
rtc.WKRTCApplication:
    public owt.p2p.RemoteStream remoteStream
    public void setDebug(boolean)
rtc.WKRTCCallType
rtc.conference.HttpUtils:
    public void <init>()
    static java.lang.String request(java.lang.String,java.lang.String,java.lang.String,boolean)
    static void setUpSelfsignedSSLContext(java.io.File)
rtc.conference.MeetingActivity:
    public void checkRTCStatusReport(java.util.concurrent.ConcurrentHashMap,java.util.List)
    private synthetic void lambda$checkRTCStatusReport$20(java.math.BigInteger,java.util.List,java.util.Map$Entry)
rtc.conference.MultiCallActivity:
    private void checkRTCStatusReport()
rtc.inters.ISaveMsgListener
rtc.p2p.SocketSignalingChannel:
    private static final java.lang.String TAG
    private boolean isValid(java.lang.String)
    public void removeObserver(owt.p2p.SignalingChannelInterface$SignalingChannelObserver)
rtc.utils.BtnClickUtils$ViewClickUtilsBinder:
    private void <init>()
rtc.utils.MeetingDataProvider$1
rtc.utils.MeetingDataProvider$IMeetingListener:
    public abstract void checkRTCStatusReport(java.util.concurrent.ConcurrentHashMap,java.util.List)
rtc.utils.MeetingDataProvider$MultiDataProviderBinder:
    private void <init>()
rtc.utils.MeetingDataProvider:
    private void startCheckRTCStatusReportTimer()
rtc.utils.P2PDataProvider$P2PDataProviderBinder:
    private void <init>()
rtc.utils.RTCAudioPlayer$LiMAudioPlayerBinder:
    private void <init>()
rtc.utils.WKFloatingViewManager$LiMFloatingViewManagerBinder:
    private void <init>()
rtc.utils.WKLogger:
    public void <init>()
rtc.utils.WKRTCCommonUtils:
    public void <init>()
rtc.utils.WKRTCManager$LiMRTCManagerBinder:
    private void <init>()
owt.base.AudioCodecParameters:
    public final int channelNum
    public final int sampleRate
owt.base.AudioEncodingParameters
owt.base.CheckCondition$$InternalSyntheticCheckNotZero$44$adadd0f90ae2d832504350f0dfcbab3b2f9dae9926f568630b0e94a4d8493a98$0